[10-Aug-2023 20:51:41 UTC] PHP Warning:  Attempt to read property "title" on null in /home/fadloovich/Local Sites/udemy/app/public/wp-includes/class-wp-customize-widgets.php on line 905
[10-Aug-2023 20:59:40 UTC] PHP Warning:  Attempt to read property "title" on null in /home/fadloovich/Local Sites/udemy/app/public/wp-includes/class-wp-customize-widgets.php on line 905
[10-Aug-2023 21:24:43 UTC] PHP Fatal error:  Uncaught Error: Call to undefined function lang_attributes() in /home/fadloovich/Local Sites/udemy/app/public/wp-content/themes/udemy/index.php:2
Stack trace:
#0 /home/fadloovich/Local Sites/udemy/app/public/wp-includes/template-loader.php(106): include()
#1 /home/fadloovich/Local Sites/udemy/app/public/wp-blog-header.php(19): require_once('/home/fadloovic...')
#2 /home/fadloovich/Local Sites/udemy/app/public/index.php(17): require('/home/fadloovic...')
#3 {main}
  thrown in /home/fadloovich/Local Sites/udemy/app/public/wp-content/themes/udemy/index.php on line 2
[10-Aug-2023 21:59:55 UTC] PHP Notice:  Error when decoding a JSON file at path /home/fadloovich/Local Sites/udemy/app/public/wp-content/themes/udemy/theme.json: Syntax error in /home/fadloovich/Local Sites/udemy/app/public/wp-includes/functions.php on line 4558
[10-Aug-2023 22:01:55 UTC] PHP Notice:  Error when decoding a JSON file at path /home/fadloovich/Local Sites/udemy/app/public/wp-content/themes/udemy/theme.json: Syntax error in /home/fadloovich/Local Sites/udemy/app/public/wp-includes/functions.php on line 4558
[10-Aug-2023 22:03:55 UTC] PHP Notice:  Error when decoding a JSON file at path /home/fadloovich/Local Sites/udemy/app/public/wp-content/themes/udemy/theme.json: Syntax error in /home/fadloovich/Local Sites/udemy/app/public/wp-includes/functions.php on line 4558
[10-Aug-2023 22:05:55 UTC] PHP Notice:  Error when decoding a JSON file at path /home/fadloovich/Local Sites/udemy/app/public/wp-content/themes/udemy/theme.json: Syntax error in /home/fadloovich/Local Sites/udemy/app/public/wp-includes/functions.php on line 4558
[10-Aug-2023 22:08:29 UTC] PHP Notice:  Error when decoding a JSON file at path /home/fadloovich/Local Sites/udemy/app/public/wp-content/themes/udemy/theme.json: Syntax error in /home/fadloovich/Local Sites/udemy/app/public/wp-includes/functions.php on line 4558
[11-Aug-2023 17:48:59 UTC] PHP Notice:  Error when decoding a JSON file at path /home/fadloovich/Local Sites/udemy/app/public/wp-content/themes/udemy/theme.json: Syntax error in /home/fadloovich/Local Sites/udemy/app/public/wp-includes/functions.php on line 4558
[11-Aug-2023 17:48:59 UTC] PHP Notice:  Error when decoding a JSON file at path /home/fadloovich/Local Sites/udemy/app/public/wp-content/themes/udemy/theme.json: Syntax error in /home/fadloovich/Local Sites/udemy/app/public/wp-includes/functions.php on line 4558
[11-Aug-2023 17:48:59 UTC] PHP Notice:  Error when decoding a JSON file at path /home/fadloovich/Local Sites/udemy/app/public/wp-content/themes/udemy/theme.json: Syntax error in /home/fadloovich/Local Sites/udemy/app/public/wp-includes/functions.php on line 4558
[11-Aug-2023 20:12:08 UTC] PHP Warning:  include(/home/fadloovich/Local Sites/udemy/app/public/wp-content/themes/udemy/includes/frontend/enqueue.php): Failed to open stream: No such file or directory in /home/fadloovich/Local Sites/udemy/app/public/wp-content/themes/udemy/functions.php on line 5
[11-Aug-2023 20:12:08 UTC] PHP Warning:  include(): Failed opening '/home/fadloovich/Local Sites/udemy/app/public/wp-content/themes/udemy/includes/frontend/enqueue.php' for inclusion (include_path='.:/usr/share/php:/www/wp-content/pear') in /home/fadloovich/Local Sites/udemy/app/public/wp-content/themes/udemy/functions.php on line 5
[11-Aug-2023 20:12:08 UTC] PHP Fatal error:  Uncaught TypeError: call_user_func_array(): Argument #1 ($callback) must be a valid callback, function "u_enqueue" not found or invalid function name in /home/fadloovich/Local Sites/udemy/app/public/wp-includes/class-wp-hook.php:308
Stack trace:
#0 /home/fadloovich/Local Sites/udemy/app/public/wp-includes/class-wp-hook.php(332): WP_Hook->apply_filters(NULL, Array)
#1 /home/fadloovich/Local Sites/udemy/app/public/wp-includes/plugin.php(517): WP_Hook->do_action(Array)
#2 /home/fadloovich/Local Sites/udemy/app/public/wp-includes/script-loader.php(2194): do_action('wp_enqueue_scri...')
#3 /home/fadloovich/Local Sites/udemy/app/public/wp-includes/class-wp-hook.php(308): wp_enqueue_scripts('')
#4 /home/fadloovich/Local Sites/udemy/app/public/wp-includes/class-wp-hook.php(332): WP_Hook->apply_filters(NULL, Array)
#5 /home/fadloovich/Local Sites/udemy/app/public/wp-includes/plugin.php(517): WP_Hook->do_action(Array)
#6 /home/fadloovich/Local Sites/udemy/app/public/wp-includes/general-template.php(3049): do_action('wp_head')
#7 /home/fadloovich/Local Sites/udemy/app/public/wp-includes/template-canvas.php(17): wp_head()
#8 /home/fadloovich/Local Sites/udemy/app/public/wp-includes/template-loader.php(106): include('/home/fadloovic...')
#9 /home/fadloovich/Local Sites/udemy/app/public/wp-blog-header.php(19): require_once('/home/fadloovic...')
#10 /home/fadloovich/Local Sites/udemy/app/public/index.php(17): require('/home/fadloovic...')
#11 {main}
  thrown in /home/fadloovich/Local Sites/udemy/app/public/wp-includes/class-wp-hook.php on line 308
[11-Aug-2023 20:12:08 UTC] PHP Warning:  include(/home/fadloovich/Local Sites/udemy/app/public/wp-content/themes/udemy/includes/frontend/enqueue.php): Failed to open stream: No such file or directory in /home/fadloovich/Local Sites/udemy/app/public/wp-content/themes/udemy/functions.php on line 5
[11-Aug-2023 20:12:08 UTC] PHP Warning:  include(): Failed opening '/home/fadloovich/Local Sites/udemy/app/public/wp-content/themes/udemy/includes/frontend/enqueue.php' for inclusion (include_path='.:/usr/share/php:/www/wp-content/pear') in /home/fadloovich/Local Sites/udemy/app/public/wp-content/themes/udemy/functions.php on line 5
[11-Aug-2023 20:27:21 UTC] PHP Fatal error:  Uncaught TypeError: call_user_func_array(): Argument #1 ($callback) must be a valid callback, function "u_head" not found or invalid function name in /home/fadloovich/Local Sites/udemy/app/public/wp-includes/class-wp-hook.php:308
Stack trace:
#0 /home/fadloovich/Local Sites/udemy/app/public/wp-includes/class-wp-hook.php(332): WP_Hook->apply_filters(NULL, Array)
#1 /home/fadloovich/Local Sites/udemy/app/public/wp-includes/plugin.php(517): WP_Hook->do_action(Array)
#2 /home/fadloovich/Local Sites/udemy/app/public/wp-includes/general-template.php(3049): do_action('wp_head')
#3 /home/fadloovich/Local Sites/udemy/app/public/wp-includes/template-canvas.php(17): wp_head()
#4 /home/fadloovich/Local Sites/udemy/app/public/wp-includes/template-loader.php(106): include('/home/fadloovic...')
#5 /home/fadloovich/Local Sites/udemy/app/public/wp-blog-header.php(19): require_once('/home/fadloovic...')
#6 /home/fadloovich/Local Sites/udemy/app/public/index.php(17): require('/home/fadloovic...')
#7 {main}
  thrown in /home/fadloovich/Local Sites/udemy/app/public/wp-includes/class-wp-hook.php on line 308
